0 info it worked if it ends with ok
1 verbose cli [ '/usr/local/Cellar/node/7.7.2/bin/node',
1 verbose cli   '/usr/local/bin/npm',
1 verbose cli   'start' ]
2 info using npm@4.1.2
3 info using node@v7.7.2
4 verbose run-script [ 'prestart', 'start', 'poststart' ]
5 info lifecycle app@0.0.0~prestart: app@0.0.0
6 silly lifecycle app@0.0.0~prestart: no script for prestart, continuing
7 info lifecycle app@0.0.0~start: app@0.0.0
8 verbose lifecycle app@0.0.0~start: unsafe-perm in lifecycle true
9 verbose lifecycle app@0.0.0~start: PATH: /usr/local/lib/node_modules/npm/bin/node-gyp-bin:/Applications/MAMP/htdocs/boilerplate/es6-node-handlebars/node_modules/.bin:/Applications/MAMP/bin/php/php5.6.10/bin:/usr/local/git/bin:/usr/local/lib:/usr/local/bin:/usr/local/bin:/usr/bin:/bin:/usr/sbin:/sbin
10 verbose lifecycle app@0.0.0~start: CWD: /Applications/MAMP/htdocs/boilerplate/es6-node-handlebars
11 silly lifecycle app@0.0.0~start: Args: [ '-c', 'babel-node ./bin/www' ]
12 silly lifecycle app@0.0.0~start: Returned: code: 1  signal: null
13 info lifecycle app@0.0.0~start: Failed to exec start script
14 verbose stack Error: app@0.0.0 start: `babel-node ./bin/www`
14 verbose stack Exit status 1
14 verbose stack     at EventEmitter.<anonymous> (/usr/local/lib/node_modules/npm/lib/utils/lifecycle.js:279:16)
14 verbose stack     at emitTwo (events.js:106:13)
14 verbose stack     at EventEmitter.emit (events.js:194:7)
14 verbose stack     at ChildProcess.<anonymous> (/usr/local/lib/node_modules/npm/lib/utils/spawn.js:40:14)
14 verbose stack     at emitTwo (events.js:106:13)
14 verbose stack     at ChildProcess.emit (events.js:194:7)
14 verbose stack     at maybeClose (internal/child_process.js:899:16)
14 verbose stack     at Process.ChildProcess._handle.onexit (internal/child_process.js:226:5)
15 verbose pkgid app@0.0.0
16 verbose cwd /Applications/MAMP/htdocs/boilerplate/es6-node-handlebars
17 error Darwin 16.5.0
18 error argv "/usr/local/Cellar/node/7.7.2/bin/node" "/usr/local/bin/npm" "start"
19 error node v7.7.2
20 error npm  v4.1.2
21 error code ELIFECYCLE
22 error app@0.0.0 start: `babel-node ./bin/www`
22 error Exit status 1
23 error Failed at the app@0.0.0 start script 'babel-node ./bin/www'.
23 error Make sure you have the latest version of node.js and npm installed.
23 error If you do, this is most likely a problem with the app package,
23 error not with npm itself.
23 error Tell the author that this fails on your system:
23 error     babel-node ./bin/www
23 error You can get information on how to open an issue for this project with:
23 error     npm bugs app
23 error Or if that isn't available, you can get their info via:
23 error     npm owner ls app
23 error There is likely additional logging output above.
24 verbose exit [ 1, true ]
